#
# There is insufficient memory for the Java Runtime Environment to continue.
# Native memory allocation (malloc) failed to allocate 82160 bytes for Chunk::new
# Possible reasons:
#   The system is out of physical RAM or swap space
#   In 32 bit mode, the process size limit was hit
# Possible solutions:
#   Reduce memory load on the system
#   Increase physical memory or swap space
#   Check if swap backing store is full
#   Use 64 bit Java on a 64 bit OS
#   Decrease Java heap size (-Xmx/-Xms)
#   Decrease number of Java threads
#   Decrease Java thread stack sizes (-Xss)
#   Set larger code cache with -XX:ReservedCodeCacheSize=
# This output file may be truncated or incomplete.
#
#  Out of Memory Error (allocation.cpp:390), pid=8836, tid=0x00000000000030a4
#
# JRE version: OpenJDK Runtime Environment (8.0_152-b02) (build 1.8.0_152-release-1024-b02)
# Java VM: OpenJDK 64-Bit Server VM (25.152-b02 mixed mode windows-amd64 compressed oops)
# Failed to write core dump. Minidumps are not enabled by default on client versions of Windows
#

---------------  T H R E A D  ---------------

Current thread (0x000000001715e000):  JavaThread "C2 CompilerThread2" daemon [_thread_in_native, id=12452, stack(0x00000000199b0000,0x0000000019ab0000)]

Stack: [0x00000000199b0000,0x0000000019ab0000]
[error occurred during error reporting (printing stack bounds), id 0xc0000005]

Native frames: (J=compiled Java code, j=interpreted, Vv=VM code, C=native code)


Current CompileTask:
C2:   5452 1287       4       java.net.URLClassLoader$1::run (5 bytes)


---------------  P R O C E S S  ---------------

Java Threads: ( => current thread )
  0x000000001a769000 JavaThread "File lock request listener" [_thread_in_native, id=1760, stack(0x000000001c670000,0x000000001c770000)]
  0x00000000193e9800 JavaThread "Cache worker for file hash cache (C:\Users\ckerman\.gradle\caches\4.4\fileHashes)" [_thread_blocked, id=6240, stack(0x000000001c570000,0x000000001c670000)]
  0x000000001a777800 JavaThread "Stdin handler" [_thread_blocked, id=12592, stack(0x000000001c270000,0x000000001c370000)]
  0x000000001a776000 JavaThread "Asynchronous log dispatcher for DefaultDaemonConnection: socket connection from /127.0.0.1:49938 to /127.0.0.1:49939" [_thread_blocked, id=14680, stack(0x000000001c070000,0x000000001c170000)]
  0x000000001a3d5800 JavaThread "Daemon worker" [_thread_in_Java, id=14280, stack(0x000000001bf70000,0x000000001c070000)]
  0x000000001af2c000 JavaThread "Cancel handler" [_thread_blocked, id=10132, stack(0x000000001be70000,0x000000001bf70000)]
  0x000000001a408800 JavaThread "Handler for socket connection from /127.0.0.1:49938 to /127.0.0.1:49939" [_thread_in_native, id=10680, stack(0x000000001bb70000,0x000000001bc70000)]
  0x000000001a405000 JavaThread "Daemon" [_thread_blocked, id=13032, stack(0x000000001ba70000,0x000000001bb70000)]
  0x000000001a359800 JavaThread "Daemon periodic checks" [_thread_blocked, id=1816, stack(0x000000001b970000,0x000000001ba70000)]
  0x000000001ae9c800 JavaThread "Incoming local TCP Connector on port 49938" [_thread_in_native, id=11472, stack(0x000000001b7c0000,0x000000001b8c0000)]
  0x0000000019162000 JavaThread "Service Thread" daemon [_thread_blocked, id=15316, stack(0x0000000019bb0000,0x0000000019cb0000)]
  0x00000000190e7000 JavaThread "C1 CompilerThread3" daemon [_thread_blocked, id=13092, stack(0x0000000019ab0000,0x0000000019bb0000)]
=>0x000000001715e000 JavaThread "C2 CompilerThread2" daemon [_thread_in_native, id=12452, stack(0x00000000199b0000,0x0000000019ab0000)]
  0x000000001715c000 JavaThread "C2 CompilerThread1" daemon [_thread_blocked, id=15104, stack(0x00000000198b0000,0x00000000199b0000)]
  0x0000000017159000 JavaThread "C2 CompilerThread0" daemon [_thread_blocked, id=12680, stack(0x00000000197b0000,0x00000000198b0000)]
  0x00000000190df800 JavaThread "Attach Listener" daemon [_thread_blocked, id=11276, stack(0x00000000196b0000,0x00000000197b0000)]
  0x000000001908c000 JavaThread "Signal Dispatcher" daemon [_thread_blocked, id=8252, stack(0x00000000195b0000,0x00000000196b0000)]
  0x000000000338e800 JavaThread "Finalizer" daemon [_thread_blocked, id=12772, stack(0x0000000019450000,0x0000000019550000)]
  0x000000001714b800 JavaThread "Reference Handler" daemon [_thread_blocked, id=12240, stack(0x0000000018f50000,0x0000000019050000)]
  0x0000000002dde000 JavaThread "main" [_thread_blocked, id=13284, stack(0x0000000002de0000,0x0000000002ee0000)]

Other Threads:
  0x0000000017145800 VMThread [stack: 0x0000000018e50000,0x0000000018f50000] [id=14520]
  0x0000000019163000 WatcherThread [stack: 0x0000000019cb0000,0x0000000019db0000] [id=9948]

VM state:not at safepoint (normal execution)

VM Mutex/Monitor currently owned by a thread: None

Heap:
 PSYoungGen      total 76288K, used 48185K [0x00000000e0000000, 0x00000000e5500000, 0x0000000100000000)
  eden space 65536K, 61% used [0x00000000e0000000,0x00000000e2740768,0x00000000e4000000)
  from space 10752K, 74% used [0x00000000e4000000,0x00000000e47cdd48,0x00000000e4a80000)
  to   space 10752K, 0% used [0x00000000e4a80000,0x00000000e4a80000,0x00000000e5500000)
 ParOldGen       total 175104K, used 16K [0x00000000a0000000, 0x00000000aab00000, 0x00000000e0000000)
  object space 175104K, 0% used [0x00000000a0000000,0x00000000a0004000,0x00000000aab00000)
 Metaspace       used 14555K, capacity 14946K, committed 14976K, reserved 1062912K
  class space    used 2035K, capacity 2159K, committed 2176K, reserved 1048576K

Card table byte_map: [0x0000000012750000,0x0000000012a60000] byte_map_base: 0x0000000012250000

Marking Bits: (ParMarkBitMap*) 0x000000006e284970
 Begin Bits: [0x0000000013460000, 0x0000000014c60000)
 End Bits:   [0x0000000014c60000, 0x0000000016460000)

Polling page: 0x0000000002da0000

CodeCache: size=245760Kb used=4124Kb max_used=4491Kb free=241635Kb
 bounds [0x0000000003390000, 0x0000000003800000, 0x0000000012390000]
 total_blobs=1546 nmethods=1176 adapters=284
 compilation: enabled

Compilation events (10 events):
Event: 5.445 Thread 0x00000000190e7000 1298   !   3       org.gradle.internal.service.DefaultServiceRegistry$DefaultLookupContext::find (72 bytes)
Event: 5.445 Thread 0x00000000190e7000 nmethod 1298 0x00000000034b1d10 code [0x00000000034b1fa0, 0x00000000034b3068]
Event: 5.446 Thread 0x00000000190e7000 1299       3       sun.reflect.ReflectionFactory::checkInitted (19 bytes)
Event: 5.446 Thread 0x00000000190e7000 nmethod 1299 0x0000000003510190 code [0x0000000003510300, 0x00000000035105c8]
Event: 5.448 Thread 0x00000000190e7000 1300       3       org.gradle.internal.service.DefaultServiceRegistry$DefaultLookupContext$4::apply (13 bytes)
Event: 5.448 Thread 0x00000000190e7000 nmethod 1300 0x00000000034cc790 code [0x00000000034cc920, 0x00000000034cce28]
Event: 5.448 Thread 0x00000000190e7000 1302       3       org.gradle.internal.service.DefaultServiceRegistry$CompositeProvider::getService (71 bytes)
Event: 5.449 Thread 0x00000000190e7000 nmethod 1302 0x00000000034e6390 code [0x00000000034e6560, 0x00000000034e6b08]
Event: 5.449 Thread 0x00000000190e7000 1301       3       org.gradle.internal.service.DefaultServiceRegistry$DefaultLookupContext$4::apply (12 bytes)
Event: 5.449 Thread 0x00000000190e7000 nmethod 1301 0x00000000037e8a50 code [0x00000000037e8bc0, 0x00000000037e8de8]

GC Heap History (2 events):
Event: 5.155 GC heap before
{Heap before GC invocations=1 (full 0):
 PSYoungGen      total 76288K, used 65536K [0x00000000e0000000, 0x00000000e5500000, 0x0000000100000000)
  eden space 65536K, 100% used [0x00000000e0000000,0x00000000e4000000,0x00000000e4000000)
  from space 10752K, 0% used [0x00000000e4a80000,0x00000000e4a80000,0x00000000e5500000)
  to   space 10752K, 0% used [0x00000000e4000000,0x00000000e4000000,0x00000000e4a80000)
 ParOldGen       total 175104K, used 0K [0x00000000a0000000, 0x00000000aab00000, 0x00000000e0000000)
  object space 175104K, 0% used [0x00000000a0000000,0x00000000a0000000,0x00000000aab00000)
 Metaspace       used 10615K, capacity 10932K, committed 11008K, reserved 1058816K
  class space    used 1394K, capacity 1490K, committed 1536K, reserved 1048576K
Event: 5.160 GC heap after
Heap after GC invocations=1 (full 0):
 PSYoungGen      total 76288K, used 7991K [0x00000000e0000000, 0x00000000e5500000, 0x0000000100000000)
  eden space 65536K, 0% used [0x00000000e0000000,0x00000000e0000000,0x00000000e4000000)
  from space 10752K, 74% used [0x00000000e4000000,0x00000000e47cdd48,0x00000000e4a80000)
  to   space 10752K, 0% used [0x00000000e4a80000,0x00000000e4a80000,0x00000000e5500000)
 ParOldGen       total 175104K, used 16K [0x00000000a0000000, 0x00000000aab00000, 0x00000000e0000000)
  object space 175104K, 0% used [0x00000000a0000000,0x00000000a0004000,0x00000000aab00000)
 Metaspace       used 10615K, capacity 10932K, committed 11008K, reserved 1058816K
  class space    used 1394K, capacity 1490K, committed 1536K, reserved 1048576K
}

Deoptimization events (10 events):
Event: 5.073 Thread 0x0000000002dde000 Uncommon trap: reason=unstable_if action=reinterpret pc=0x0000000003630d70 method=java.io.WinNTFileSystem.normalize(Ljava/lang/String;)Ljava/lang/String; @ 128
Event: 5.073 Thread 0x0000000002dde000 Uncommon trap: reason=unstable_if action=reinterpret pc=0x000000000367aaa8 method=java.io.WinNTFileSystem.normalize(Ljava/lang/String;II)Ljava/lang/String; @ 90
Event: 5.209 Thread 0x000000001a408800 Uncommon trap: reason=unstable_if action=reinterpret pc=0x0000000003717120 method=java.util.concurrent.ConcurrentHashMap.putVal(Ljava/lang/Object;Ljava/lang/Object;Z)Ljava/lang/Object; @ 206
Event: 5.253 Thread 0x000000001a3d5800 Uncommon trap: reason=bimorphic action=maybe_recompile pc=0x00000000036b13d4 method=java.util.HashMap.putVal(ILjava/lang/Object;Ljava/lang/Object;ZZ)Ljava/lang/Object; @ 253
Event: 5.254 Thread 0x000000001a3d5800 Uncommon trap: reason=bimorphic action=maybe_recompile pc=0x00000000036b13d4 method=java.util.HashMap.putVal(ILjava/lang/Object;Ljava/lang/Object;ZZ)Ljava/lang/Object; @ 253
Event: 5.254 Thread 0x000000001a3d5800 Uncommon trap: reason=bimorphic action=maybe_recompile pc=0x00000000037bf9a8 method=java.util.HashMap.putVal(ILjava/lang/Object;Ljava/lang/Object;ZZ)Ljava/lang/Object; @ 253
Event: 5.261 Thread 0x000000001a3d5800 Uncommon trap: reason=class_check action=maybe_recompile pc=0x000000000362bbd8 method=java.util.regex.Matcher.match(II)Z @ 86
Event: 5.417 Thread 0x000000001a3d5800 Uncommon trap: reason=class_check action=maybe_recompile pc=0x000000000362bbd8 method=java.util.regex.Matcher.match(II)Z @ 86
Event: 5.417 Thread 0x000000001a3d5800 Uncommon trap: reason=class_check action=maybe_recompile pc=0x00000000035fb1a0 method=java.util.regex.Matcher.match(II)Z @ 86
Event: 5.449 Thread 0x000000001a3d5800 Uncommon trap: reason=unstable_if action=reinterpret pc=0x00000000037e6c34 method=java.lang.String.lastIndexOf([CII[CIII)I @ 66

Classes redefined (0 events):
No events

Internal exceptions (10 events):
Event: 5.219 Thread 0x000000001a408800 Exception <a 'java/lang/NoSuchMethodError': <clinit>> (0x00000000e06b72f0) thrown at [D:\src\AOSP-openjdk-cygwin\jdk8u\hotspot\src\share\vm\prims\jni.cpp, line 1613]
Event: 5.219 Thread 0x000000001a408800 Exception <a 'java/lang/NoSuchMethodError': <clinit>> (0x00000000e06bfdb8) thrown at [D:\src\AOSP-openjdk-cygwin\jdk8u\hotspot\src\share\vm\prims\jni.cpp, line 1613]
Event: 5.220 Thread 0x000000001a408800 Exception <a 'java/lang/NoSuchMethodError': <clinit>> (0x00000000e06d1470) thrown at [D:\src\AOSP-openjdk-cygwin\jdk8u\hotspot\src\share\vm\prims\jni.cpp, line 1613]
Event: 5.226 Thread 0x000000001a408800 Exception <a 'java/lang/NoSuchMethodError': <clinit>> (0x00000000e07365d8) thrown at [D:\src\AOSP-openjdk-cygwin\jdk8u\hotspot\src\share\vm\prims\jni.cpp, line 1613]
Event: 5.228 Thread 0x000000001a408800 Exception <a 'java/lang/NoSuchMethodError': <clinit>> (0x00000000e0759c98) thrown at [D:\src\AOSP-openjdk-cygwin\jdk8u\hotspot\src\share\vm\prims\jni.cpp, line 1613]
Event: 5.230 Thread 0x000000001a408800 Exception <a 'java/lang/NoSuchMethodError': <clinit>> (0x00000000e0783690) thrown at [D:\src\AOSP-openjdk-cygwin\jdk8u\hotspot\src\share\vm\prims\jni.cpp, line 1613]
Event: 5.231 Thread 0x000000001a408800 Exception <a 'java/lang/NoSuchMethodError': <clinit>> (0x00000000e0791248) thrown at [D:\src\AOSP-openjdk-cygwin\jdk8u\hotspot\src\share\vm\prims\jni.cpp, line 1613]
Event: 5.233 Thread 0x000000001a408800 Exception <a 'java/lang/NoSuchMethodError': <clinit>> (0x00000000e07b36c8) thrown at [D:\src\AOSP-openjdk-cygwin\jdk8u\hotspot\src\share\vm\prims\jni.cpp, line 1613]
Event: 5.246 Thread 0x000000001a3d5800 Exception <a 'java/lang/NoSuchMethodError': <clinit>> (0x00000000e088b860) thrown at [D:\src\AOSP-openjdk-cygwin\jdk8u\hotspot\src\share\vm\prims\jni.cpp, line 1613]
Event: 5.246 Thread 0x000000001a3d5800 Exception <a 'java/lang/NoSuchMethodError': <clinit>> (0x00000000e0893ae8) thrown at [D:\src\AOSP-openjdk-cygwin\jdk8u\hotspot\src\share\vm\prims\jni.cpp, line 1613]

Events (10 events):
Event: 5.449 loading class com/google/common/io/ByteSource$AsCharSource
Event: 5.449 loading class com/google/common/io/ByteSource$AsCharSource done
Event: 5.449 loading class com/google/common/io/ByteSource$EmptyByteSource
Event: 5.449 loading class com/google/common/io/ByteSource$EmptyByteSource done
Event: 5.450 loading class com/google/common/io/ByteSource$ByteArrayByteSource
Event: 5.450 loading class com/google/common/io/ByteSource$ByteArrayByteSource done
Event: 5.450 loading class com/google/common/io/ByteSource$ConcatenatedByteSource
Event: 5.450 loading class com/google/common/io/ByteSource$ConcatenatedByteSource done
Event: 5.450 loading class com/google/common/hash/PrimitiveSink
Event: 5.450 loading class com/google/common/hash/PrimitiveSink done


Dynamic libraries:
0x00007ff7847a0000 - 0x00007ff7847d1000 	D:\Program Files\Android\Android Studio\jre\bin\java.exe
0x00007ffba6b30000 - 0x00007ffba6d11000 	C:\WINDOWS\SYSTEM32\ntdll.dll
0x00007ffba6830000 - 0x00007ffba68e2000 	C:\WINDOWS\System32\KERNEL32.DLL
0x00007ffba2f20000 - 0x00007ffba3193000 	C:\WINDOWS\System32\KERNELBASE.dll
0x00007ffba6a50000 - 0x00007ffba6af1000 	C:\WINDOWS\System32\ADVAPI32.dll
0x00007ffba68f0000 - 0x00007ffba698e000 	C:\WINDOWS\System32\msvcrt.dll
0x00007ffba42f0000 - 0x00007ffba434b000 	C:\WINDOWS\System32\sechost.dll
0x00007ffba66e0000 - 0x00007ffba6804000 	C:\WINDOWS\System32\RPCRT4.dll
0x00007ffba6010000 - 0x00007ffba61a0000 	C:\WINDOWS\System32\USER32.dll
0x00007ffba2f00000 - 0x00007ffba2f20000 	C:\WINDOWS\System32\win32u.dll
0x00007ffba43b0000 - 0x00007ffba43d8000 	C:\WINDOWS\System32\GDI32.dll
0x00007ffba3470000 - 0x00007ffba3602000 	C:\WINDOWS\System32\gdi32full.dll
0x00007ffba3250000 - 0x00007ffba32ef000 	C:\WINDOWS\System32\msvcp_win.dll
0x00007ffba32f0000 - 0x00007ffba33ea000 	C:\WINDOWS\System32\ucrtbase.dll
0x00007ffb8e330000 - 0x00007ffb8e599000 	C:\WINDOWS\WinSxS\amd64_microsoft.windows.common-controls_6595b64144ccf1df_6.0.17134.285_none_fb4297e330656775\COMCTL32.dll
0x00007ffba3fc0000 - 0x00007ffba42e3000 	C:\WINDOWS\System32\combase.dll
0x00007ffba33f0000 - 0x00007ffba346a000 	C:\WINDOWS\System32\bcryptPrimitives.dll
0x00007ffba49c0000 - 0x00007ffba49ed000 	C:\WINDOWS\System32\IMM32.DLL
0x000000006d9e0000 - 0x000000006dab2000 	D:\Program Files\Android\Android Studio\jre\jre\bin\msvcr100.dll
0x000000006dac0000 - 0x000000006e2ff000 	D:\Program Files\Android\Android Studio\jre\jre\bin\server\jvm.dll
0x00007ffba6810000 - 0x00007ffba6818000 	C:\WINDOWS\System32\PSAPI.DLL
0x00007ffb900b0000 - 0x00007ffb900b9000 	C:\WINDOWS\SYSTEM32\WSOCK32.dll
0x00007ffba45e0000 - 0x00007ffba464c000 	C:\WINDOWS\System32\WS2_32.dll
0x00007ffb9c3a0000 - 0x00007ffb9c3aa000 	C:\WINDOWS\SYSTEM32\VERSION.dll
0x00007ffba0b90000 - 0x00007ffba0bb3000 	C:\WINDOWS\SYSTEM32\WINMM.dll
0x00007ffba0b60000 - 0x00007ffba0b8a000 	C:\WINDOWS\SYSTEM32\WINMMBASE.dll
0x00007ffba3f10000 - 0x00007ffba3f59000 	C:\WINDOWS\System32\cfgmgr32.dll
0x00007ffb900a0000 - 0x00007ffb900af000 	D:\Program Files\Android\Android Studio\jre\jre\bin\verify.dll
0x00007ffb90070000 - 0x00007ffb90099000 	D:\Program Files\Android\Android Studio\jre\jre\bin\java.dll
0x00007ffb89fb0000 - 0x00007ffb89fc6000 	D:\Program Files\Android\Android Studio\jre\jre\bin\zip.dll
0x00007ffba4bd0000 - 0x00007ffba6010000 	C:\WINDOWS\System32\SHELL32.dll
0x00007ffba69a0000 - 0x00007ffba6a49000 	C:\WINDOWS\System32\shcore.dll
0x00007ffba3800000 - 0x00007ffba3f0d000 	C:\WINDOWS\System32\windows.storage.dll
0x00007ffba4960000 - 0x00007ffba49b1000 	C:\WINDOWS\System32\shlwapi.dll
0x00007ffba2ee0000 - 0x00007ffba2ef1000 	C:\WINDOWS\System32\kernel.appcore.dll
0x00007ffba2ec0000 - 0x00007ffba2edf000 	C:\WINDOWS\System32\profapi.dll
0x00007ffba2e40000 - 0x00007ffba2e8c000 	C:\WINDOWS\System32\powrprof.dll
0x00007ffba2e90000 - 0x00007ffba2e9a000 	C:\WINDOWS\System32\FLTLIB.DLL
0x00007ffb84c20000 - 0x00007ffb84c3a000 	D:\Program Files\Android\Android Studio\jre\jre\bin\net.dll
0x00007ffba2660000 - 0x00007ffba26c6000 	C:\WINDOWS\system32\mswsock.dll
0x00007ffb7dcd0000 - 0x00007ffb7dce1000 	D:\Program Files\Android\Android Studio\jre\jre\bin\nio.dll
0x00007ffb9cf50000 - 0x00007ffb9cf6e000 	C:\Users\ckerman\.gradle\native\25\windows-amd64\native-platform.dll
0x00007ffb90060000 - 0x00007ffb9006d000 	D:\Program Files\Android\Android Studio\jre\jre\bin\management.dll
0x00007ffba2810000 - 0x00007ffba2827000 	C:\WINDOWS\SYSTEM32\CRYPTSP.dll
0x00007ffba2240000 - 0x00007ffba2273000 	C:\WINDOWS\system32\rsaenh.dll
0x00007ffba29a0000 - 0x00007ffba29c5000 	C:\WINDOWS\SYSTEM32\bcrypt.dll
0x00007ffba2d40000 - 0x00007ffba2d68000 	C:\WINDOWS\SYSTEM32\USERENV.dll
0x00007ffba2830000 - 0x00007ffba283b000 	C:\WINDOWS\SYSTEM32\CRYPTBASE.dll
0x00007ffba23e0000 - 0x00007ffba2418000 	C:\WINDOWS\SYSTEM32\IPHLPAPI.DLL
0x00007ffba6990000 - 0x00007ffba6998000 	C:\WINDOWS\System32\NSI.dll
0x00007ffb9c1a0000 - 0x00007ffb9c1b6000 	C:\WINDOWS\SYSTEM32\dhcpcsvc6.DLL
0x00007ffb9dc80000 - 0x00007ffb9dc9a000 	C:\WINDOWS\SYSTEM32\dhcpcsvc.DLL

VM Arguments:
jvm_args: -Xmx1536m -Dfile.encoding=GBK -Duser.country=CN -Duser.language=zh -Duser.variant 
java_command: org.gradle.launcher.daemon.bootstrap.GradleDaemon 4.4
java_class_path (initial): C:\Users\ckerman\.gradle\wrapper\dists\gradle-4.4-all\9br9xq1tocpiv8o6njlyu5op1\gradle-4.4\lib\gradle-launcher-4.4.jar
Launcher Type: SUN_STANDARD

Environment Variables:
JAVA_HOME=D:\java\jdk1.8.0_171
CLASSPATH=.;D:\java\jdk1.8.0_171\lib\dt.jar;D:\java\jdk1.8.0_171\lib\tools.jar;
PATH=C:\WINDOWS\system32;C:\WINDOWS;C:\WINDOWS\System32\Wbem;C:\WINDOWS\System32\WindowsPowerShell\v1.0\;D:\java\jdk1.8.0_171\bin;D:\sdk\platform-tools;C:\WINDOWS\System32\OpenSSH\;D:\Program Files (x86)\Git\cmd;C:\Users\ckerman\AppData\Local\Microsoft\WindowsApps;C:\Users\ckerman\AppData\Local\GitHubDesktop\bin;%USERPROFILE%\AppData\Local\Microsoft\WindowsApps;
USERNAME=ckerman
OS=Windows_NT
PROCESSOR_IDENTIFIER=Intel64 Family 6 Model 158 Stepping 9, GenuineIntel



---------------  S Y S T E M  ---------------

OS: Windows 10.0 , 64 bit Build 17134 (10.0.17134.1)

CPU:total 8 (initial active 8) (4 cores per cpu, 2 threads per core) family 6 model 158 stepping 9, cmov, cx8, fxsr, mmx, sse, sse2, sse3, ssse3, sse4.1, sse4.2, popcnt, avx, avx2, aes, clmul, erms, rtm, 3dnowpref, lzcnt, ht, tsc, tscinvbit, bmi1, bmi2, adx

Memory: 4k page, physical 16662192k(1410596k free), swap 35119532k(4108k free)

vm_info: OpenJDK 64-Bit Server VM (25.152-b02) for windows-amd64 JRE (1.8.0_152-release-1024-b02), built by "builder" with MS VC++ 10.0 (VS2010)

time: Sun Oct 07 15:11:45 2018
elapsed time: 5 seconds (0d 0h 0m 5s)

